[rospy.client][INFO] 2018-06-11 20:08:39,661: init_node, name[/spawn_turtlebot_model], pid[2293]
[xmlrpc][INFO] 2018-06-11 20:08:39,672: XML-RPC server binding to 0.0.0.0:0
[xmlrpc][INFO] 2018-06-11 20:08:39,673: Started XML-RPC server [http://0d53e7b9f3a1:38239/]
[rospy.impl.masterslave][INFO] 2018-06-11 20:08:39,674: _ready: http://0d53e7b9f3a1:38239/
[rospy.init][INFO] 2018-06-11 20:08:39,675: ROS Slave URI: [http://0d53e7b9f3a1:38239/]
[xmlrpc][INFO] 2018-06-11 20:08:39,683: xml rpc node: starting XML-RPC server
[rospy.registration][INFO] 2018-06-11 20:08:39,687: Registering with master node http://localhost:11311
[rospy.init][INFO] 2018-06-11 20:08:39,778: registered with master
[rospy.rosout][INFO] 2018-06-11 20:08:39,778: initializing /rosout core topic
[rospy.rosout][INFO] 2018-06-11 20:08:39,792: connected to core topic /rosout
[rospy.simtime][INFO] 2018-06-11 20:08:39,813: initializing /clock core topic
[rospy.simtime][INFO] 2018-06-11 20:08:39,852: connected to core topic /clock
[rospy.internal][INFO] 2018-06-11 20:08:39,863: topic[/clock] adding connection to [http://0d53e7b9f3a1:41001/], count 0
[rosout][INFO] 2018-06-11 20:08:39,887: Loading model XML from ros parameter
[rosout][INFO] 2018-06-11 20:08:39,952: Waiting for service /gazebo/spawn_urdf_model
[rospy.internal][INFO] 2018-06-11 20:08:39,960: topic[/rosout] adding connection to [/rosout], count 0
[rosout][INFO] 2018-06-11 20:08:39,999: Calling service /gazebo/spawn_urdf_model
[rosout][INFO] 2018-06-11 20:08:43,650: Spawn status: SpawnModel: Successfully spawned entity
[rospy.core][INFO] 2018-06-11 20:08:43,681: signal_shutdown [atexit]
[rospy.internal][INFO] 2018-06-11 20:08:43,697: topic[/rosout] removing connection to /rosout
[rospy.internal][INFO] 2018-06-11 20:08:43,698: topic[/clock] removing connection to http://0d53e7b9f3a1:41001/
[rospy.impl.masterslave][INFO] 2018-06-11 20:08:43,699: atexit
[rospy.internal][WARNING] 2018-06-11 20:08:43,700: Unknown error initiating TCP/IP socket to 0d53e7b9f3a1:52671 (http://0d53e7b9f3a1:41001/): Traceback (most recent call last):
  File "/opt/ros/kinetic/lib/python2.7/dist-packages/rospy/impl/tcpros_base.py", line 558, in connect
    self.local_endpoint = self.socket.getsockname()
AttributeError: 'NoneType' object has no attribute 'getsockname'

