[rospy.client][INFO] 2018-06-11 19:57:49,903: init_node, name[/spawn_turtlebot_model], pid[739]
[xmlrpc][INFO] 2018-06-11 19:57:49,953: XML-RPC server binding to 0.0.0.0:0
[xmlrpc][INFO] 2018-06-11 19:57:49,963: Started XML-RPC server [http://0d53e7b9f3a1:42541/]
[rospy.impl.masterslave][INFO] 2018-06-11 19:57:49,965: _ready: http://0d53e7b9f3a1:42541/
[xmlrpc][INFO] 2018-06-11 19:57:49,966: xml rpc node: starting XML-RPC server
[rospy.init][INFO] 2018-06-11 19:57:49,968: ROS Slave URI: [http://0d53e7b9f3a1:42541/]
[rospy.registration][INFO] 2018-06-11 19:57:49,968: Registering with master node http://localhost:11311
[rospy.init][INFO] 2018-06-11 19:57:50,069: registered with master
[rospy.rosout][INFO] 2018-06-11 19:57:50,069: initializing /rosout core topic
[rospy.rosout][INFO] 2018-06-11 19:57:50,076: connected to core topic /rosout
[rospy.simtime][INFO] 2018-06-11 19:57:50,081: initializing /clock core topic
[rospy.simtime][INFO] 2018-06-11 19:57:50,097: connected to core topic /clock
[rosout][INFO] 2018-06-11 19:57:50,107: Loading model XML from ros parameter
[rosout][INFO] 2018-06-11 19:57:50,117: Waiting for service /gazebo/spawn_urdf_model
[rosout][INFO] 2018-06-11 19:57:50,121: Calling service /gazebo/spawn_urdf_model
[rospy.internal][INFO] 2018-06-11 19:57:50,141: topic[/clock] adding connection to [http://0d53e7b9f3a1:34473/], count 0
[rospy.internal][INFO] 2018-06-11 19:57:50,205: topic[/rosout] adding connection to [/rosout], count 0
[rosout][INFO] 2018-06-11 19:59:26,415: Spawn status: SpawnModel: Successfully spawned entity
[rospy.core][INFO] 2018-06-11 19:59:26,425: signal_shutdown [atexit]
[rospy.internal][INFO] 2018-06-11 19:59:26,450: topic[/rosout] removing connection to /rosout
[rospy.internal][INFO] 2018-06-11 19:59:26,450: topic[/clock] removing connection to http://0d53e7b9f3a1:34473/
[rospy.impl.masterslave][INFO] 2018-06-11 19:59:26,450: atexit
